TN:
SF:src\utils\password.ts
FN:1,(anonymous_0)
FNF:1
FNH:1
FNDA:13,(anonymous_0)
DA:1,1
DA:2,13
DA:3,12
DA:4,11
DA:6,10
DA:7,10
DA:8,10
DA:9,10
DA:11,10
DA:13,2
DA:14,1
DA:15,8
DA:17,5
DA:18,2
DA:21,3
DA:24,3
LF:16
LH:16
BRDA:2,0,0,1
BRDA:2,0,1,12
BRDA:3,1,0,1
BRDA:3,1,1,11
BRDA:4,2,0,1
BRDA:4,2,1,10
BRDA:11,3,0,2
BRDA:11,3,1,8
BRDA:13,4,0,1
BRDA:13,4,1,1
BRDA:15,5,0,5
BRDA:15,5,1,3
BRDA:15,6,0,8
BRDA:15,6,1,8
BRDA:17,7,0,3
BRDA:17,7,1,2
BRDA:17,8,0,5
BRDA:17,8,1,4
BRDA:17,8,2,3
BRDA:18,9,0,1
BRDA:18,9,1,1
BRDA:21,10,0,1
BRDA:21,10,1,2
BRDA:21,11,0,3
BRDA:21,11,1,2
BRF:25
BRH:25
end_of_record
TN:
SF:src\utils\shipping.ts
FN:1,calculateShipping
FNF:1
FNH:1
FNDA:10,calculateShipping
DA:1,1
DA:6,10
DA:7,9
DA:9,7
DA:12,7
DA:13,3
DA:14,1
DA:17,7
DA:18,1
DA:22,7
DA:23,1
DA:26,7
LF:12
LH:12
BRDA:6,0,0,1
BRDA:6,0,1,9
BRDA:7,1,0,2
BRDA:7,1,1,7
BRDA:7,2,0,9
BRDA:7,2,1,8
BRDA:12,3,0,4
BRDA:12,3,1,3
BRDA:13,4,0,2
BRDA:13,4,1,1
BRDA:17,5,0,1
BRDA:17,5,1,6
BRDA:22,6,0,1
BRDA:22,6,1,6
BRF:14
BRH:14
end_of_record
